\BOOKMARK [0][-]{section*.5}{\376\377\000I\000n\000t\000r\000o\000d\000u\000z\000i\000o\000n\000e}{}% 1
\BOOKMARK [1][-]{section.0.1}{\376\377\000A\000p\000p\000r\000o\000f\000o\000n\000d\000i\000m\000e\000n\000t\000o\000\040\000d\000e\000l\000\040\000D\000a\000t\000a\000s\000e\000t\000\040\000G\000l\000o\000b\000a\000l\000\040\000T\000e\000r\000r\000o\000r\000i\000s\000m\000\040\000D\000a\000t\000a\000b\000a\000s\000e\000\040\000\050\000G\000T\000D\000\051}{section*.5}% 2
\BOOKMARK [2][-]{subsection.0.1.1}{\376\377\000Q\000u\000a\000l\000i\000t\000\340\000\040\000d\000e\000i\000\040\000D\000a\000t\000i\000\040\000e\000\040\000P\000r\000e\000p\000a\000r\000a\000z\000i\000o\000n\000e\000\040\000\050\000E\000T\000L\000\051}{section.0.1}% 3
\BOOKMARK [2][-]{subsection.0.1.2}{\376\377\000P\000r\000e\000p\000r\000o\000c\000e\000s\000s\000i\000n\000g\000\040\000d\000e\000i\000\040\000D\000a\000t\000i\000\040\000i\000n\000\040\000P\000y\000t\000h\000o\000n}{section.0.1}% 4
\BOOKMARK [0][-]{chapter.1}{\376\377\000Q\000l\000i\000k}{}% 5
\BOOKMARK [1][-]{section.1.1}{\376\377\000A\000n\000a\000l\000i\000s\000i\000\040\000d\000e\000s\000c\000r\000i\000t\000t\000i\000v\000a}{chapter.1}% 6
\BOOKMARK [1][-]{section.1.2}{\376\377\000C\000a\000r\000i\000c\000a\000m\000e\000n\000t\000o\000\040\000d\000e\000i\000\040\000d\000a\000t\000i\000\040\000s\000u\000\040\000Q\000l\000i\000k}{chapter.1}% 7
\BOOKMARK [2][-]{subsection.1.2.1}{\376\377\000D\000a\000t\000a\000\040\000A\000n\000a\000l\000y\000s\000i\000s\000\040\000D\000a\000t\000a\000s\000e\000t\000\040\000G\000l\000o\000b\000a\000l\000\040\000T\000e\000r\000r\000o\000r\000i\000s\000m\000\040\000D\000a\000t\000a\000b\000a\000s\000e}{section.1.2}% 8
\BOOKMARK [1][-]{section.1.3}{\376\377\000A\000n\000a\000l\000i\000s\000i\000\040\000d\000e\000l\000l\000a\000\040\000d\000i\000s\000t\000r\000i\000b\000u\000z\000i\000o\000n\000e\000\040\000g\000e\000o\000p\000o\000l\000i\000t\000i\000c\000a\000\040\000d\000e\000l\000l\000e\000\040\000m\000i\000n\000a\000c\000c\000e}{chapter.1}% 9
\BOOKMARK [2][-]{subsection.1.3.1}{\376\377\000U\000t\000e\000n\000t\000e}{section.1.3}% 10
\BOOKMARK [2][-]{subsection.1.3.2}{\376\377\000O\000b\000i\000e\000t\000t\000i\000v\000o}{section.1.3}% 11
\BOOKMARK [2][-]{subsection.1.3.3}{\376\377\000F\000i\000l\000t\000r\000i\000\040\000e\000d\000\040\000e\000s\000e\000m\000p\000i\000\040\000d\000i\000\040\000u\000t\000i\000l\000i\000z\000z\000o}{section.1.3}% 12
\BOOKMARK [1][-]{section.1.4}{\376\377\000A\000n\000a\000l\000i\000s\000i\000\040\000d\000e\000l\000l\000e\000\040\000t\000a\000t\000t\000i\000c\000h\000e\000\040\000d\000i\000\040\000a\000t\000t\000a\000c\000c\000o\000\040\000e\000\040\000a\000r\000m\000a\000m\000e\000n\000t\000i}{chapter.1}% 13
\BOOKMARK [2][-]{subsection.1.4.1}{\376\377\000U\000t\000e\000n\000t\000e}{section.1.4}% 14
\BOOKMARK [2][-]{subsection.1.4.2}{\376\377\000O\000b\000i\000e\000t\000t\000i\000v\000o}{section.1.4}% 15
\BOOKMARK [2][-]{subsection.1.4.3}{\376\377\000F\000i\000l\000t\000r\000i\000\040\000e\000d\000\040\000e\000s\000e\000m\000p\000i\000\040\000d\000i\000\040\000u\000t\000i\000l\000i\000z\000z\000o}{section.1.4}% 16
\BOOKMARK [0][-]{chapter.2}{\376\377\000T\000a\000b\000l\000e\000a\000u}{}% 17
\BOOKMARK [1][-]{section.2.1}{\376\377\000S\000e\000g\000u\000i\000r\000e\000\040\000p\000d\000f\000\040\000e\000s\000e\000m\000p\000i\000o}{chapter.2}% 18
\BOOKMARK [0][-]{chapter.3}{\376\377\000P\000o\000w\000e\000r\000\040\000P\000I}{}% 19
\BOOKMARK [1][-]{section.3.1}{\376\377\000S\000e\000g\000u\000i\000r\000e\000\040\000p\000d\000f\000\040\000e\000s\000e\000m\000p\000i\000o}{chapter.3}% 20
\BOOKMARK [0][-]{chapter*.25}{\376\377\000S\000i\000t\000o\000g\000r\000a\000f\000i\000a}{}% 21
